package io;

import java.io.*;

/**
 * @author baiyunlong
 * @title Redirecting
 * @description TODO
 * @date 2020/7/30 16:02
 */
public class Redirecting {
    public static void main(String[] args) throws IOException {
        PrintStream console = System.out;
        BufferedInputStream in = new BufferedInputStream(
                new FileInputStream("D:\\车辆准入\\work space\\study\\src\\io\\Redirecting.java"));
        PrintStream out = new PrintStream(new BufferedOutputStream(new FileOutputStream("text.out")));
        System.setIn(in);
        System.setOut(out);
        System.setErr(out);
        BufferedReader br = new BufferedReader(new InputStreamReader(System.in));
        String s;
        while ((s = br.readLine()) != null) {
            System.out.println(s);
        }
        out.close();
        System.setOut(console);
    }

}
